[GIN-debug] POST   /geeker/login             --> Router.InitAdminRouter.func1 (4 handlers)
[GIN-debug] GET    /geeker/admins            --> Router.InitAdminRouter.func2 (4 handlers)
[GIN-debug] PUT    /geeker/adminInfo         --> Router.InitAdminRouter.func3 (5 handlers)
[GIN-debug] POST   /geeker/refreshToken      --> Router.InitAdminRouter.func4 (4 handlers)
[GIN-debug] GET    /geeker/users/infoList    --> Router.InitUserInfoRouter.func1 (5 handlers)
[GIN-debug] DELETE /geeker/users/infoList    --> Router.InitUserInfoRouter.func2 (5 handlers)
[GIN-debug] PUT    /geeker/users/infoList    --> Router.InitUserInfoRouter.func3 (5 handlers)
[GIN-debug] GET    /geeker/config/:listname  --> Router.InitConfigRouter.func1 (4 handlers)
[GIN-debug] PUT    /geeker/config/:listname  --> Router.InitConfigRouter.func2 (4 handlers)
[GIN-debug] GET    /geeker/modelCate         --> Router.InitModelCate.func1 (4 handlers)
[GIN-debug] PUT    /geeker/modelCate         --> Router.InitModelCate.func2 (4 handlers)
[GIN-debug] PUT    /geeker/modelCate/        --> Router.InitModelCate.func3 (4 handlers)
[GIN-debug] POST   /geeker/modelCate/        --> Router.InitModelCate.func4 (4 handlers)
[GIN-debug] POST   /geeker/modelCate         --> Router.InitModelCate.func5 (4 handlers)
[GIN-debug] DELETE /geeker/modelCate         --> Router.InitModelCate.func6 (4 handlers)
[GIN-debug] DELETE /geeker/modelCate/        --> Router.InitModelCate.func7 (4 handlers)
[GIN-debug] GET    /geeker/modelKey          --> Router.InitModelKey.func1 (4 handlers)
[GIN-debug] PUT    /geeker/modelKey          --> Router.InitModelKey.func2 (4 handlers)
[GIN-debug] PUT    /geeker/modelKey/         --> Router.InitModelKey.func3 (4 handlers)
[GIN-debug] POST   /geeker/modelKey/         --> Router.InitModelKey.func4 (4 handlers)
[GIN-debug] POST   /geeker/modelKey          --> Router.InitModelKey.func5 (4 handlers)
[GIN-debug] DELETE /geeker/modelKey          --> Router.InitModelKey.func6 (4 handlers)
[GIN-debug] DELETE /geeker/modelKey/         --> Router.InitModelKey.func7 (4 handlers)
[GIN-debug] GET    /geeker/card              --> Router.InitCardTypeRouter.func1 (5 handlers)
[GIN-debug] POST   /geeker/card              --> Router.InitCardTypeRouter.func2 (5 handlers)
[GIN-debug] POST   /geeker/card/export/:filename --> Router.InitCardTypeRouter.func3 (5 handlers)
[GIN-debug] POST   /geeker/card/             --> Router.InitCardTypeRouter.func4 (5 handlers)
[GIN-debug] DELETE /geeker/card/             --> Router.InitCardTypeRouter.func5 (5 handlers)
[GIN-debug] DELETE /geeker/card              --> Router.InitCardTypeRouter.func6 (5 handlers)
[GIN-debug] GET    /geeker/cardType          --> Router.InitCardTypeRouter.func7 (5 handlers)
[GIN-debug] GET    /geeker/cardType/         --> Router.InitCardTypeRouter.func8 (5 handlers)
[GIN-debug] POST   /geeker/cardType/         --> Router.InitCardTypeRouter.func9 (5 handlers)
[GIN-debug] PUT    /geeker/cardType/         --> Router.InitCardTypeRouter.func10 (5 handlers)
[GIN-debug] DELETE /geeker/cardType/         --> Router.InitCardTypeRouter.func11 (5 handlers)
[GIN-debug] GET    /ftapi/initData           --> Router.InitFrontUser.func1 (4 handlers)
[GIN-debug] [WARNING] You trusted all proxies, this is NOT safe. We recommend you to set a value.
Please check https://pkg.go.dev/github.com/gin-gonic/gin#readme-don-t-trust-all-proxies for details.
[GIN-debug] Listening and serving HTTP on :3200
[GIN-debug] POST   /geeker/login             --> Router.InitAdminRouter.func1 (4 handlers)
[GIN-debug] GET    /geeker/admins            --> Router.InitAdminRouter.func2 (4 handlers)
[GIN-debug] PUT    /geeker/adminInfo         --> Router.InitAdminRouter.func3 (5 handlers)
[GIN-debug] POST   /geeker/refreshToken      --> Router.InitAdminRouter.func4 (4 handlers)
[GIN-debug] GET    /geeker/users/infoList    --> Router.InitUserInfoRouter.func1 (5 handlers)
[GIN-debug] DELETE /geeker/users/infoList    --> Router.InitUserInfoRouter.func2 (5 handlers)
[GIN-debug] PUT    /geeker/users/infoList    --> Router.InitUserInfoRouter.func3 (5 handlers)
[GIN-debug] GET    /geeker/config/:listname  --> Router.InitConfigRouter.func1 (4 handlers)
[GIN-debug] PUT    /geeker/config/:listname  --> Router.InitConfigRouter.func2 (4 handlers)
[GIN-debug] GET    /geeker/modelCate         --> Router.InitModelCate.func1 (4 handlers)
[GIN-debug] PUT    /geeker/modelCate         --> Router.InitModelCate.func2 (4 handlers)
[GIN-debug] PUT    /geeker/modelCate/        --> Router.InitModelCate.func3 (4 handlers)
[GIN-debug] POST   /geeker/modelCate/        --> Router.InitModelCate.func4 (4 handlers)
[GIN-debug] POST   /geeker/modelCate         --> Router.InitModelCate.func5 (4 handlers)
[GIN-debug] DELETE /geeker/modelCate         --> Router.InitModelCate.func6 (4 handlers)
[GIN-debug] DELETE /geeker/modelCate/        --> Router.InitModelCate.func7 (4 handlers)
[GIN-debug] GET    /geeker/modelKey          --> Router.InitModelKey.func1 (4 handlers)
[GIN-debug] PUT    /geeker/modelKey          --> Router.InitModelKey.func2 (4 handlers)
[GIN-debug] PUT    /geeker/modelKey/         --> Router.InitModelKey.func3 (4 handlers)
[GIN-debug] POST   /geeker/modelKey/         --> Router.InitModelKey.func4 (4 handlers)
[GIN-debug] POST   /geeker/modelKey          --> Router.InitModelKey.func5 (4 handlers)
[GIN-debug] DELETE /geeker/modelKey          --> Router.InitModelKey.func6 (4 handlers)
[GIN-debug] DELETE /geeker/modelKey/         --> Router.InitModelKey.func7 (4 handlers)
[GIN-debug] GET    /geeker/card              --> Router.InitCardTypeRouter.func1 (5 handlers)
[GIN-debug] POST   /geeker/card              --> Router.InitCardTypeRouter.func2 (5 handlers)
[GIN-debug] POST   /geeker/card/export/:filename --> Router.InitCardTypeRouter.func3 (5 handlers)
[GIN-debug] POST   /geeker/card/             --> Router.InitCardTypeRouter.func4 (5 handlers)
[GIN-debug] DELETE /geeker/card/             --> Router.InitCardTypeRouter.func5 (5 handlers)
[GIN-debug] DELETE /geeker/card              --> Router.InitCardTypeRouter.func6 (5 handlers)
[GIN-debug] GET    /geeker/cardType          --> Router.InitCardTypeRouter.func7 (5 handlers)
[GIN-debug] GET    /geeker/cardType/         --> Router.InitCardTypeRouter.func8 (5 handlers)
[GIN-debug] POST   /geeker/cardType/         --> Router.InitCardTypeRouter.func9 (5 handlers)
[GIN-debug] PUT    /geeker/cardType/         --> Router.InitCardTypeRouter.func10 (5 handlers)
[GIN-debug] DELETE /geeker/cardType/         --> Router.InitCardTypeRouter.func11 (5 handlers)
[GIN-debug] GET    /ftapi/initData           --> Router.InitFrontUser.func1 (4 handlers)
[GIN-debug] [WARNING] You trusted all proxies, this is NOT safe. We recommend you to set a value.
Please check https://pkg.go.dev/github.com/gin-gonic/gin#readme-don-t-trust-all-proxies for details.
[GIN-debug] Listening and serving HTTP on :3200
